2022-07-28 13:44:06.601 WARN  trace-id: com.alibaba.cloud.nacos.client.NacosPropertySourceBuilder 87 loadNacosData - Ignore the empty nacos configuration and get it based on dataId[PROVIDER_DATABASE_REDIS.yaml] & group[FUNTOUR_DEV]
2022-07-28 13:44:08.664 WARN  trace-id: org.apache.dubbo.config.spring.extension.SpringExtensionFactory 75 getExtension -  [DUBBO] No spring extension (bean) named:monitor, try to find an extension (bean) of type org.apache.dubbo.config.MonitorConfig, dubbo version: 2.7.6, current host: 172.18.130.156
2022-07-28 13:44:08.664 WARN  trace-id: org.apache.dubbo.config.spring.extension.SpringExtensionFactory 75 getExtension -  [DUBBO] No spring extension (bean) named:ssl, try to find an extension (bean) of type org.apache.dubbo.config.SslConfig, dubbo version: 2.7.6, current host: 172.18.130.156
2022-07-28 13:44:08.665 WARN  trace-id: org.apache.dubbo.config.spring.extension.SpringExtensionFactory 75 getExtension -  [DUBBO] No spring extension (bean) named:application, try to find an extension (bean) of type org.apache.dubbo.config.ApplicationConfig, dubbo version: 2.7.6, current host: 172.18.130.156
2022-07-28 13:44:08.665 WARN  trace-id: org.apache.dubbo.config.spring.extension.SpringExtensionFactory 75 getExtension -  [DUBBO] No spring extension (bean) named:metrics, try to find an extension (bean) of type org.apache.dubbo.config.MetricsConfig, dubbo version: 2.7.6, current host: 172.18.130.156
2022-07-28 13:44:08.665 WARN  trace-id: org.apache.dubbo.config.spring.extension.SpringExtensionFactory 75 getExtension -  [DUBBO] No spring extension (bean) named:module, try to find an extension (bean) of type org.apache.dubbo.config.ModuleConfig, dubbo version: 2.7.6, current host: 172.18.130.156
2022-07-28 13:44:10.114 WARN  trace-id: com.alibaba.cloud.dubbo.metadata.repository.DubboServiceMetadataRepository 223 initSubscribedServices - Current application will subscribe all services(size:1) in registry, a lot of memory and CPU cycles may be used, thus it's strongly recommend you using the externalized property 'dubbo.cloud.subscribed-services' to specify the services
2022-07-28 13:44:12.673 WARN  trace-id: io.netty.bootstrap.AbstractBootstrap 464 setChannelOption - Unknown channel option 'TCP_NODELAY' for channel '[id: 0xd4f5e421]'
2022-07-28 13:44:12.673 WARN  trace-id: io.netty.bootstrap.AbstractBootstrap 464 setChannelOption - Unknown channel option 'SO_KEEPALIVE' for channel '[id: 0xd4f5e421]'
2022-07-28 13:44:13.655 WARN  trace-id: com.netflix.config.sources.URLConfigurationSource 121 <init> - No URLs will be polled as dynamic configuration sources.
2022-07-28 13:44:13.659 WARN  trace-id: com.netflix.config.sources.URLConfigurationSource 121 <init> - No URLs will be polled as dynamic configuration sources.
2022-07-28 13:44:14.689 WARN  trace-id: com.alibaba.cloud.dubbo.metadata.repository.DubboServiceMetadataRepository 223 initSubscribedServices - Current application will subscribe all services(size:1) in registry, a lot of memory and CPU cycles may be used, thus it's strongly recommend you using the externalized property 'dubbo.cloud.subscribed-services' to specify the services
2022-07-28 13:44:15.290 WARN  trace-id: org.apache.dubbo.common.config.ConfigurationUtils 106 parseProperties -  [DUBBO] You specified the config center, but there's not even one single config item in it., dubbo version: 2.7.6, current host: 172.18.130.156
2022-07-28 13:44:15.290 WARN  trace-id: org.apache.dubbo.common.config.ConfigurationUtils 106 parseProperties -  [DUBBO] You specified the config center, but there's not even one single config item in it., dubbo version: 2.7.6, current host: 172.18.130.156
2022-07-28 13:44:15.292 WARN  trace-id: org.apache.dubbo.common.config.ConfigurationUtils 106 parseProperties -  [DUBBO] You specified the config center, but there's not even one single config item in it., dubbo version: 2.7.6, current host: 172.18.130.156
2022-07-28 13:44:15.292 WARN  trace-id: org.apache.dubbo.common.config.ConfigurationUtils 106 parseProperties -  [DUBBO] You specified the config center, but there's not even one single config item in it., dubbo version: 2.7.6, current host: 172.18.130.156
2022-07-28 13:44:15.521 WARN  trace-id: org.apache.dubbo.config.ServiceConfig 704 putRandomPort -  [DUBBO] Use random available port(20881) for protocol dubbo, dubbo version: 2.7.6, current host: 172.18.130.156
2022-07-28 13:44:15.542 WARN  trace-id: org.apache.dubbo.config.spring.extension.SpringExtensionFactory 75 getExtension -  [DUBBO] No spring extension (bean) named:logger, try to find an extension (bean) of type org.apache.dubbo.common.logger.Logger, dubbo version: 2.7.6, current host: 172.18.130.156
2022-07-28 13:44:15.874 WARN  trace-id: org.apache.dubbo.config.spring.extension.SpringExtensionFactory 75 getExtension -  [DUBBO] No spring extension (bean) named:applicationContext, try to find an extension (bean) of type org.springframework.context.ConfigurableApplicationContext, dubbo version: 2.7.6, current host: 172.18.130.156
2022-07-28 13:44:18.660 WARN  trace-id: com.alibaba.cloud.dubbo.metadata.repository.DubboServiceMetadataRepository 223 initSubscribedServices - Current application will subscribe all services(size:1) in registry, a lot of memory and CPU cycles may be used, thus it's strongly recommend you using the externalized property 'dubbo.cloud.subscribed-services' to specify the services
2022-07-28 13:44:44.758 WARN  trace-id: com.alibaba.cloud.dubbo.metadata.repository.DubboServiceMetadataRepository 223 initSubscribedServices - Current application will subscribe all services(size:1) in registry, a lot of memory and CPU cycles may be used, thus it's strongly recommend you using the externalized property 'dubbo.cloud.subscribed-services' to specify the services
2022-07-28 13:44:48.725 WARN  trace-id: com.alibaba.cloud.dubbo.metadata.repository.DubboServiceMetadataRepository 223 initSubscribedServices - Current application will subscribe all services(size:1) in registry, a lot of memory and CPU cycles may be used, thus it's strongly recommend you using the externalized property 'dubbo.cloud.subscribed-services' to specify the services
2022-07-28 13:44:50.029 WARN  trace-id: org.apache.dubbo.registry.integration.RegistryProtocol$ExporterChangeableWrapper 740 unexport -  [DUBBO] unsubscribe listener == null, dubbo version: 2.7.6, current host: 172.18.130.156 java.lang.IllegalArgumentException: unsubscribe listener == null
	at org.apache.dubbo.registry.support.AbstractRegistry.unsubscribe(AbstractRegistry.java:325) ~[dubbo-2.7.6.jar:2.7.6]
	at org.apache.dubbo.registry.support.FailbackRegistry.unsubscribe(FailbackRegistry.java:329) ~[dubbo-2.7.6.jar:2.7.6]
	at org.apache.dubbo.registry.ListenerRegistryWrapper.unsubscribe(ListenerRegistryWrapper.java:129) ~[dubbo-2.7.6.jar:2.7.6]
	at org.apache.dubbo.registry.integration.RegistryProtocol$ExporterChangeableWrapper.unexport(RegistryProtocol.java:735) ~[dubbo-2.7.6.jar:2.7.6]
	at org.apache.dubbo.registry.integration.RegistryProtocol$DestroyableExporter.unexport(RegistryProtocol.java:554) ~[dubbo-2.7.6.jar:2.7.6]
	at org.apache.dubbo.config.ServiceConfig.unexport(ServiceConfig.java:170) ~[dubbo-2.7.6.jar:2.7.6]
	at com.alibaba.cloud.dubbo.service.DubboMetadataServiceExporter.unexport(DubboMetadataServiceExporter.java:103) ~[spring-cloud-starter-dubbo-2.2.1.RELEASE.jar:2.2.1.RELEASE]
	at com.alibaba.cloud.dubbo.autoconfigure.DubboMetadataAutoConfiguration.unExportDubboMetadataConfigService(DubboMetadataAutoConfiguration.java:118) ~[spring-cloud-starter-dubbo-2.2.1.RELEASE.jar:2.2.1.RELEASE]
	at com.alibaba.cloud.dubbo.autoconfigure.DubboMetadataAutoConfiguration.onContextClosed(DubboMetadataAutoConfiguration.java:109) ~[spring-cloud-starter-dubbo-2.2.1.RELEASE.jar:2.2.1.RELEASE]
	at sun.reflect.NativeMethodAccessorImpl.invoke0(Native Method) ~[?:1.8.0_311]
	at sun.reflect.NativeMethodAccessorImpl.invoke(NativeMethodAccessorImpl.java:62) ~[?:1.8.0_311]
	at sun.reflect.DelegatingMethodAccessorImpl.invoke(DelegatingMethodAccessorImpl.java:43) ~[?:1.8.0_311]
	at java.lang.reflect.Method.invoke(Method.java:498) ~[?:1.8.0_311]
	at org.springframework.context.event.ApplicationListenerMethodAdapter.doInvoke(ApplicationListenerMethodAdapter.java:344) ~[spring-context-5.3.18.jar:5.3.18]
	at org.springframework.context.event.ApplicationListenerMethodAdapter.processEvent(ApplicationListenerMethodAdapter.java:229) ~[spring-context-5.3.18.jar:5.3.18]
	at org.springframework.context.event.ApplicationListenerMethodAdapter.onApplicationEvent(ApplicationListenerMethodAdapter.java:166) ~[spring-context-5.3.18.jar:5.3.18]
	at org.springframework.context.event.SimpleApplicationEventMulticaster.doInvokeListener(SimpleApplicationEventMulticaster.java:176) ~[spring-context-5.3.18.jar:5.3.18]
	at org.springframework.context.event.SimpleApplicationEventMulticaster.invokeListener(SimpleApplicationEventMulticaster.java:169) ~[spring-context-5.3.18.jar:5.3.18]
	at org.springframework.context.event.SimpleApplicationEventMulticaster.multicastEvent(SimpleApplicationEventMulticaster.java:143) ~[spring-context-5.3.18.jar:5.3.18]
	at org.springframework.context.support.AbstractApplicationContext.publishEvent(AbstractApplicationContext.java:421) ~[spring-context-5.3.18.jar:5.3.18]
	at org.springframework.context.support.AbstractApplicationContext.publishEvent(AbstractApplicationContext.java:378) ~[spring-context-5.3.18.jar:5.3.18]
	at org.springframework.context.support.AbstractApplicationContext.doClose(AbstractApplicationContext.java:1058) ~[spring-context-5.3.18.jar:5.3.18]
	at org.springframework.boot.web.servlet.context.ServletWebServerApplicationContext.doClose(ServletWebServerApplicationContext.java:172) ~[spring-boot-2.6.6.jar:2.6.6]
	at org.springframework.context.support.AbstractApplicationContext.close(AbstractApplicationContext.java:1021) ~[spring-context-5.3.18.jar:5.3.18]
	at org.springframework.boot.SpringApplicationShutdownHook.closeAndWait(SpringApplicationShutdownHook.java:145) ~[spring-boot-2.6.6.jar:2.6.6]
	at java.lang.Iterable.forEach(Iterable.java:75) ~[?:1.8.0_311]
	at org.springframework.boot.SpringApplicationShutdownHook.run(SpringApplicationShutdownHook.java:114) ~[spring-boot-2.6.6.jar:2.6.6]
	at java.lang.Thread.run(Thread.java:748) ~[?:1.8.0_311]

2022-07-28 13:44:50.066 WARN  trace-id: org.apache.dubbo.registry.integration.RegistryProtocol$ExporterChangeableWrapper 740 unexport -  [DUBBO] unsubscribe listener == null, dubbo version: 2.7.6, current host: 172.18.130.156 java.lang.IllegalArgumentException: unsubscribe listener == null
	at org.apache.dubbo.registry.support.AbstractRegistry.unsubscribe(AbstractRegistry.java:325) ~[dubbo-2.7.6.jar:2.7.6]
	at org.apache.dubbo.registry.support.FailbackRegistry.unsubscribe(FailbackRegistry.java:329) ~[dubbo-2.7.6.jar:2.7.6]
	at org.apache.dubbo.registry.ListenerRegistryWrapper.unsubscribe(ListenerRegistryWrapper.java:129) ~[dubbo-2.7.6.jar:2.7.6]
	at org.apache.dubbo.registry.integration.RegistryProtocol$ExporterChangeableWrapper.unexport(RegistryProtocol.java:735) ~[dubbo-2.7.6.jar:2.7.6]
	at org.apache.dubbo.registry.integration.RegistryProtocol$DestroyableExporter.unexport(RegistryProtocol.java:554) ~[dubbo-2.7.6.jar:2.7.6]
	at org.apache.dubbo.config.ServiceConfig.unexport(ServiceConfig.java:170) ~[dubbo-2.7.6.jar:2.7.6]
	at com.alibaba.cloud.dubbo.service.DubboMetadataServiceExporter.unexport(DubboMetadataServiceExporter.java:103) ~[spring-cloud-starter-dubbo-2.2.1.RELEASE.jar:2.2.1.RELEASE]
	at com.alibaba.cloud.dubbo.autoconfigure.DubboMetadataAutoConfiguration.unExportDubboMetadataConfigService(DubboMetadataAutoConfiguration.java:118) ~[spring-cloud-starter-dubbo-2.2.1.RELEASE.jar:2.2.1.RELEASE]
	at com.alibaba.cloud.dubbo.autoconfigure.DubboMetadataAutoConfiguration.onContextClosed(DubboMetadataAutoConfiguration.java:109) ~[spring-cloud-starter-dubbo-2.2.1.RELEASE.jar:2.2.1.RELEASE]
	at sun.reflect.NativeMethodAccessorImpl.invoke0(Native Method) ~[?:1.8.0_311]
	at sun.reflect.NativeMethodAccessorImpl.invoke(NativeMethodAccessorImpl.java:62) ~[?:1.8.0_311]
	at sun.reflect.DelegatingMethodAccessorImpl.invoke(DelegatingMethodAccessorImpl.java:43) ~[?:1.8.0_311]
	at java.lang.reflect.Method.invoke(Method.java:498) ~[?:1.8.0_311]
	at org.springframework.context.event.ApplicationListenerMethodAdapter.doInvoke(ApplicationListenerMethodAdapter.java:344) ~[spring-context-5.3.18.jar:5.3.18]
	at org.springframework.context.event.ApplicationListenerMethodAdapter.processEvent(ApplicationListenerMethodAdapter.java:229) ~[spring-context-5.3.18.jar:5.3.18]
	at org.springframework.context.event.ApplicationListenerMethodAdapter.onApplicationEvent(ApplicationListenerMethodAdapter.java:166) ~[spring-context-5.3.18.jar:5.3.18]
	at org.springframework.context.event.SimpleApplicationEventMulticaster.doInvokeListener(SimpleApplicationEventMulticaster.java:176) ~[spring-context-5.3.18.jar:5.3.18]
	at org.springframework.context.event.SimpleApplicationEventMulticaster.invokeListener(SimpleApplicationEventMulticaster.java:169) ~[spring-context-5.3.18.jar:5.3.18]
	at org.springframework.context.event.SimpleApplicationEventMulticaster.multicastEvent(SimpleApplicationEventMulticaster.java:143) ~[spring-context-5.3.18.jar:5.3.18]
	at org.springframework.context.support.AbstractApplicationContext.publishEvent(AbstractApplicationContext.java:421) ~[spring-context-5.3.18.jar:5.3.18]
	at org.springframework.context.support.AbstractApplicationContext.publishEvent(AbstractApplicationContext.java:378) ~[spring-context-5.3.18.jar:5.3.18]
	at org.springframework.context.support.AbstractApplicationContext.doClose(AbstractApplicationContext.java:1058) ~[spring-context-5.3.18.jar:5.3.18]
	at org.springframework.boot.web.servlet.context.ServletWebServerApplicationContext.doClose(ServletWebServerApplicationContext.java:172) ~[spring-boot-2.6.6.jar:2.6.6]
	at org.springframework.context.support.AbstractApplicationContext.close(AbstractApplicationContext.java:1021) ~[spring-context-5.3.18.jar:5.3.18]
	at org.springframework.boot.SpringApplicationShutdownHook.closeAndWait(SpringApplicationShutdownHook.java:145) ~[spring-boot-2.6.6.jar:2.6.6]
	at java.lang.Iterable.forEach(Iterable.java:75) ~[?:1.8.0_311]
	at org.springframework.boot.SpringApplicationShutdownHook.run(SpringApplicationShutdownHook.java:114) ~[spring-boot-2.6.6.jar:2.6.6]
	at java.lang.Thread.run(Thread.java:748) ~[?:1.8.0_311]

